"Thu Jan 05 2017 12:24:11 GMT-0500 (Eastern Standard Time)","index.js","Call to http://locks.duttonbiz.com/service.php?cmd=HEARTBEAT&key=098f6bcd4621d373cade4e832627b4f6&lockid=1 successful: {"codeArr":[],"status":"SUCCESS"}"
"Thu Jan 05 2017 12:24:16 GMT-0500 (Eastern Standard Time)","index.js","Call to http://locks.duttonbiz.com/service.php?cmd=HEARTBEAT&key=098f6bcd4621d373cade4e832627b4f6&lockid=1 successful: {"codeArr":[],"status":"SUCCESS"}"
"Thu Jan 05 2017 12:24:50 GMT-0500 (Eastern Standard Time)","index.js","Call to http://locks.duttonbiz.com/service.php?cmd=GETLIST&key=098f6bcd4621d373cade4e832627b4f6&lockid=1 successful: {"codeArr":[],"status":"SUCCESS"}"
"Thu Jan 05 2017 12:27:25 GMT-0500 (Eastern Standard Time)","index.js","Call to http://locks.duttonbiz.com/service.php?cmd=GETLIST&key=098f6bcd4621d373cade4e832627b4f6&lockid=1 successful: {"codeArr":[],"status":"SUCCESS"}"
"Thu Jan 05 2017 12:27:58 GMT-0500 (Eastern Standard Time)","index.js","Call to http://locks.duttonbiz.com/service.php?cmd=GETLIST&key=098f6bcd4621d373cade4e832627b4f6&lockid=1 successful: {"codeArr":[],"status":"SUCCESS"}"
"Thu Jan 05 2017 12:29:59 GMT-0500 (Eastern Standard Time)","index.js","Call to http://locks.duttonbiz.com/service.php?cmd=GETLIST&key=098f6bcd4621d373cade4e832627b4f6&lockid=1 successful: {"codeArr":[],"status":"SUCCESS"}"
"Thu Jan 05 2017 12:30:01 GMT-0500 (Eastern Standard Time)","index.js","Call to http://locks.duttonbiz.com/service.php?cmd=GETLIST&key=098f6bcd4621d373cade4e832627b4f6&lockid=1 successful: {"codeArr":["somecode","anothercode"],"status":"SUCCESS"}"
"Thu Jan 05 2017 12:30:04 GMT-0500 (Eastern Standard Time)","index.js","Call to http://locks.duttonbiz.com/service.php?cmd=GETLIST&key=098f6bcd4621d373cade4e832627b4f6&lockid=1 successful: {"codeArr":[],"status":"SUCCESS"}"
"Thu Jan 05 2017 12:30:10 GMT-0500 (Eastern Standard Time)","index.js","Call to http://locks.duttonbiz.com/service.php?cmd=GETLIST&key=098f6bcd4621d373cade4e832627b4f6&lockid=1 successful: {"codeArr":["somecode","anothercode"],"status":"SUCCESS"}"
"Thu Jan 05 2017 12:30:10 GMT-0500 (Eastern Standard Time)","index.js","Call to http://locks.duttonbiz.com/service.php?cmd=GETLIST&key=098f6bcd4621d373cade4e832627b4f6&lockid=1 successful: {"codeArr":[],"status":"SUCCESS"}"
"Thu Jan 05 2017 12:30:15 GMT-0500 (Eastern Standard Time)","index.js","Call to http://locks.duttonbiz.com/service.php?cmd=GETLIST&key=098f6bcd4621d373cade4e832627b4f6&lockid=1 successful: {"codeArr":["somecode","anothercode"],"status":"SUCCESS"}"
"Thu Jan 05 2017 12:30:16 GMT-0500 (Eastern Standard Time)","index.js","Call to http://locks.duttonbiz.com/service.php?cmd=GETLIST&key=098f6bcd4621d373cade4e832627b4f6&lockid=1 successful: {"codeArr":["somecode","anothercode"],"status":"SUCCESS"}"
"Thu Jan 05 2017 12:30:16 GMT-0500 (Eastern Standard Time)","index.js","Call to http://locks.duttonbiz.com/service.php?cmd=GETLIST&key=098f6bcd4621d373cade4e832627b4f6&lockid=1 successful: {"codeArr":[],"status":"SUCCESS"}"
"Thu Jan 05 2017 12:30:20 GMT-0500 (Eastern Standard Time)","index.js","Call to http://locks.duttonbiz.com/service.php?cmd=GETLIST&key=098f6bcd4621d373cade4e832627b4f6&lockid=1 successful: {"codeArr":[],"status":"SUCCESS"}"
"Thu Jan 05 2017 12:30:23 GMT-0500 (Eastern Standard Time)","index.js","Call to http://locks.duttonbiz.com/service.php?cmd=GETLIST&key=098f6bcd4621d373cade4e832627b4f6&lockid=1 successful: {"codeArr":["somecode","anothercode"],"status":"SUCCESS"}"
"Thu Jan 05 2017 12:30:25 GMT-0500 (Eastern Standard Time)","index.js","Call to http://locks.duttonbiz.com/service.php?cmd=GETLIST&key=098f6bcd4621d373cade4e832627b4f6&lockid=1 successful: {"codeArr":[],"status":"SUCCESS"}"
"Sun Jan 08 2017 20:03:39 GMT+0000 (UTC)","index.js","Call to http://locks.duttonbiz.com/service.php?cmd=GETLIST&key=098f6bcd4621d373cade4e832627b4f6&lockid=1 successful: {"codeArr":["somecode","anothercode"],"status":"SUCCESS"}"
"Sun Jan 08 2017 20:04:09 GMT+0000 (UTC)","index.js","Call to http://locks.duttonbiz.com/service.php?cmd=GETLIST&key=098f6bcd4621d373cade4e832627b4f6&lockid=1 successful: {"codeArr":["somecode","anothercode"],"status":"SUCCESS"}"
"Sun Jan 08 2017 20:11:28 GMT+0000 (UTC)","index.js","Call to http://locks.duttonbiz.com/service.php?cmd=UNLOCK&key=098f6bcd4621d373cade4e832627b4f6&lockid=1&code=&status=BLOCKED successful: {"codeArr":[],"status":"SUCCESS"}"
"Sun Jan 08 2017 20:11:35 GMT+0000 (UTC)","index.js","Call to http://locks.duttonbiz.com/service.php?cmd=UNLOCK&key=098f6bcd4621d373cade4e832627b4f6&lockid=1&code=&status=BLOCKED successful: {"codeArr":[],"status":"SUCCESS"}"
"Sun Jan 08 2017 20:11:37 GMT+0000 (UTC)","index.js","Call to http://locks.duttonbiz.com/service.php?cmd=UNLOCK&key=098f6bcd4621d373cade4e832627b4f6&lockid=1&code=&status=BLOCKED successful: {"codeArr":[],"status":"SUCCESS"}"
"Sun Jan 08 2017 20:11:42 GMT+0000 (UTC)","index.js","Call to http://locks.duttonbiz.com/service.php?cmd=UNLOCK&key=098f6bcd4621d373cade4e832627b4f6&lockid=1&code=&status=BLOCKED successful: {"codeArr":[],"status":"SUCCESS"}"
"Sun Jan 08 2017 20:18:37 GMT+0000 (UTC)","index.js","Call to http://locks.duttonbiz.com/service.php?cmd=UNLOCK&key=098f6bcd4621d373cade4e832627b4f6&lockid=1&code=&status=BLOCKED successful: {"codeArr":[],"status":"SUCCESS"}"
"Sun Jan 08 2017 20:18:43 GMT+0000 (UTC)","index.js","Call to http://locks.duttonbiz.com/service.php?cmd=UNLOCK&key=098f6bcd4621d373cade4e832627b4f6&lockid=1&code=&status=BLOCKED successful: {"codeArr":[],"status":"SUCCESS"}"
"Sun Jan 08 2017 20:19:06 GMT+0000 (UTC)","index.js","Call to http://locks.duttonbiz.com/service.php?cmd=GETLIST&key=098f6bcd4621d373cade4e832627b4f6&lockid=1 successful: {"codeArr":["somecode","anothercode"],"status":"SUCCESS"}"
"Sun Jan 08 2017 20:19:18 GMT+0000 (UTC)","index.js","Call to http://locks.duttonbiz.com/service.php?cmd=UNLOCK&key=098f6bcd4621d373cade4e832627b4f6&lockid=1&code=&status=BLOCKED successful: {"codeArr":[],"status":"SUCCESS"}"
"Sun Jan 08 2017 20:19:36 GMT+0000 (UTC)","index.js","Call to http://locks.duttonbiz.com/service.php?cmd=GETLIST&key=098f6bcd4621d373cade4e832627b4f6&lockid=1 successful: {"codeArr":["somecode","anothercode"],"status":"SUCCESS"}"
"Sun Jan 08 2017 20:19:40 GMT+0000 (UTC)","index.js","Call to http://locks.duttonbiz.com/service.php?cmd=UNLOCK&key=098f6bcd4621d373cade4e832627b4f6&lockid=1&code=&status=BLOCKED successful: {"codeArr":[],"status":"SUCCESS"}"
"Sun Jan 08 2017 20:19:44 GMT+0000 (UTC)","index.js","Call to http://locks.duttonbiz.com/service.php?cmd=UNLOCK&key=098f6bcd4621d373cade4e832627b4f6&lockid=1&code=&status=BLOCKED successful: {"codeArr":[],"status":"SUCCESS"}"
"Sun Jan 08 2017 20:19:53 GMT+0000 (UTC)","index.js","Call to http://locks.duttonbiz.com/service.php?cmd=UNLOCK&key=098f6bcd4621d373cade4e832627b4f6&lockid=1&code=&status=BLOCKED successful: {"codeArr":[],"status":"SUCCESS"}"
"Sun Jan 08 2017 20:20:01 GMT+0000 (UTC)","index.js","Call to http://locks.duttonbiz.com/service.php?cmd=UNLOCK&key=098f6bcd4621d373cade4e832627b4f6&lockid=1&code=&status=BLOCKED successful: {"codeArr":[],"status":"SUCCESS"}"
"Sun Jan 08 2017 20:28:54 GMT+0000 (UTC)","index.js","Call to http://locks.duttonbiz.com/service.php?cmd=UNLOCK&key=098f6bcd4621d373cade4e832627b4f6&lockid=1&code=&status=BLOCKED successful: {"codeArr":[],"status":"SUCCESS"}"
"Sun Jan 08 2017 20:28:57 GMT+0000 (UTC)","index.js","Call to http://locks.duttonbiz.com/service.php?cmd=UNLOCK&key=098f6bcd4621d373cade4e832627b4f6&lockid=1&code=&status=BLOCKED successful: {"codeArr":[],"status":"SUCCESS"}"
"Sun Jan 08 2017 20:31:34 GMT+0000 (UTC)","index.js","Ready and waiting..."
"Sun Jan 08 2017 20:31:38 GMT+0000 (UTC)","index.js","Call to http://locks.duttonbiz.com/service.php?cmd=UNLOCK&key=098f6bcd4621d373cade4e832627b4f6&lockid=1&code=&status=BLOCKED successful: {"codeArr":[],"status":"SUCCESS"}"
"Sun Jan 08 2017 20:31:44 GMT+0000 (UTC)","index.js","Call to http://locks.duttonbiz.com/service.php?cmd=UNLOCK&key=098f6bcd4621d373cade4e832627b4f6&lockid=1&code=&status=BLOCKED successful: {"codeArr":[],"status":"SUCCESS"}"
"Sun Jan 08 2017 20:31:47 GMT+0000 (UTC)","index.js","Call to http://locks.duttonbiz.com/service.php?cmd=UNLOCK&key=098f6bcd4621d373cade4e832627b4f6&lockid=1&code=&status=BLOCKED successful: {"codeArr":[],"status":"SUCCESS"}"
"Sun Jan 08 2017 20:36:39 GMT+0000 (UTC)","index.js","Ready and waiting..."
"Sun Jan 08 2017 20:36:44 GMT+0000 (UTC)","index.js","Call to http://locks.duttonbiz.com/service.php?cmd=UNLOCK&key=098f6bcd4621d373cade4e832627b4f6&lockid=1&code=&status=BLOCKED successful: {"codeArr":[],"status":"SUCCESS"}"
"Sun Jan 08 2017 20:36:54 GMT+0000 (UTC)","index.js","Call to http://locks.duttonbiz.com/service.php?cmd=UNLOCK&key=098f6bcd4621d373cade4e832627b4f6&lockid=1&code=&status=BLOCKED successful: {"codeArr":[],"status":"SUCCESS"}"
"Sun Jan 08 2017 20:36:59 GMT+0000 (UTC)","index.js","Call to http://locks.duttonbiz.com/service.php?cmd=UNLOCK&key=098f6bcd4621d373cade4e832627b4f6&lockid=1&code=&status=BLOCKED successful: {"codeArr":[],"status":"SUCCESS"}"
"Sun Jan 08 2017 20:37:10 GMT+0000 (UTC)","index.js","Call to http://locks.duttonbiz.com/service.php?cmd=GETLIST&key=098f6bcd4621d373cade4e832627b4f6&lockid=1 successful: {"codeArr":["somecode","anothercode"],"status":"SUCCESS"}"
"Sun Jan 08 2017 20:37:40 GMT+0000 (UTC)","index.js","Call to http://locks.duttonbiz.com/service.php?cmd=GETLIST&key=098f6bcd4621d373cade4e832627b4f6&lockid=1 successful: {"codeArr":["somecode","anothercode"],"status":"SUCCESS"}"
"Sun Jan 08 2017 20:38:10 GMT+0000 (UTC)","index.js","Call to http://locks.duttonbiz.com/service.php?cmd=GETLIST&key=098f6bcd4621d373cade4e832627b4f6&lockid=1 successful: {"codeArr":["somecode","anothercode"],"status":"SUCCESS"}"
"Sun Jan 08 2017 20:38:40 GMT+0000 (UTC)","index.js","Call to http://locks.duttonbiz.com/service.php?cmd=GETLIST&key=098f6bcd4621d373cade4e832627b4f6&lockid=1 successful: {"codeArr":["somecode","anothercode"],"status":"SUCCESS"}"
"Sun Jan 08 2017 20:39:10 GMT+0000 (UTC)","index.js","Call to http://locks.duttonbiz.com/service.php?cmd=GETLIST&key=098f6bcd4621d373cade4e832627b4f6&lockid=1 successful: {"codeArr":["somecode","anothercode"],"status":"SUCCESS"}"
"Sun Jan 08 2017 20:39:40 GMT+0000 (UTC)","index.js","Call to http://locks.duttonbiz.com/service.php?cmd=GETLIST&key=098f6bcd4621d373cade4e832627b4f6&lockid=1 successful: {"codeArr":["somecode","anothercode"],"status":"SUCCESS"}"
"Sun Jan 08 2017 20:40:10 GMT+0000 (UTC)","index.js","Call to http://locks.duttonbiz.com/service.php?cmd=GETLIST&key=098f6bcd4621d373cade4e832627b4f6&lockid=1 successful: {"codeArr":["somecode","anothercode"],"status":"SUCCESS"}"
"Sun Jan 08 2017 20:40:40 GMT+0000 (UTC)","index.js","Call to http://locks.duttonbiz.com/service.php?cmd=GETLIST&key=098f6bcd4621d373cade4e832627b4f6&lockid=1 successful: {"codeArr":["somecode","anothercode"],"status":"SUCCESS"}"
"Sun Jan 08 2017 20:41:10 GMT+0000 (UTC)","index.js","Call to http://locks.duttonbiz.com/service.php?cmd=GETLIST&key=098f6bcd4621d373cade4e832627b4f6&lockid=1 successful: {"codeArr":["somecode","anothercode"],"status":"SUCCESS"}"
"Sun Jan 08 2017 20:41:40 GMT+0000 (UTC)","index.js","Call to http://locks.duttonbiz.com/service.php?cmd=GETLIST&key=098f6bcd4621d373cade4e832627b4f6&lockid=1 successful: {"codeArr":["somecode","anothercode"],"status":"SUCCESS"}"
"Sun Jan 08 2017 20:42:10 GMT+0000 (UTC)","index.js","Call to http://locks.duttonbiz.com/service.php?cmd=GETLIST&key=098f6bcd4621d373cade4e832627b4f6&lockid=1 successful: {"codeArr":["somecode","anothercode"],"status":"SUCCESS"}"
"Sun Jan 08 2017 20:42:28 GMT+0000 (UTC)","index.js","Call to http://locks.duttonbiz.com/service.php?cmd=UNLOCK&key=098f6bcd4621d373cade4e832627b4f6&lockid=1&code=&status=BLOCKED successful: {"codeArr":[],"status":"SUCCESS"}"
"Sun Jan 08 2017 20:42:40 GMT+0000 (UTC)","index.js","Call to http://locks.duttonbiz.com/service.php?cmd=GETLIST&key=098f6bcd4621d373cade4e832627b4f6&lockid=1 successful: {"codeArr":["somecode","anothercode"],"status":"SUCCESS"}"
"Sun Jan 08 2017 20:42:55 GMT+0000 (UTC)","index.js","Call to http://locks.duttonbiz.com/service.php?cmd=UNLOCK&key=098f6bcd4621d373cade4e832627b4f6&lockid=1&code=&status=BLOCKED successful: {"codeArr":[],"status":"SUCCESS"}"
"Sun Jan 08 2017 20:43:10 GMT+0000 (UTC)","index.js","Call to http://locks.duttonbiz.com/service.php?cmd=GETLIST&key=098f6bcd4621d373cade4e832627b4f6&lockid=1 successful: {"codeArr":["ac45534b","anothercode"],"status":"SUCCESS"}"
"Sun Jan 08 2017 20:43:15 GMT+0000 (UTC)","index.js","Call to http://locks.duttonbiz.com/service.php?cmd=UNLOCK&key=098f6bcd4621d373cade4e832627b4f6&lockid=1&code=&status=BLOCKED successful: {"codeArr":[],"status":"SUCCESS"}"
"Sun Jan 08 2017 20:43:40 GMT+0000 (UTC)","index.js","Call to http://locks.duttonbiz.com/service.php?cmd=GETLIST&key=098f6bcd4621d373cade4e832627b4f6&lockid=1 successful: {"codeArr":["ac45534b","anothercode"],"status":"SUCCESS"}"
"Sun Jan 08 2017 20:44:06 GMT+0000 (UTC)","index.js","Call to http://locks.duttonbiz.com/service.php?cmd=UNLOCK&key=098f6bcd4621d373cade4e832627b4f6&lockid=1&code=&status=BLOCKED successful: {"codeArr":[],"status":"SUCCESS"}"
"Sun Jan 08 2017 20:44:10 GMT+0000 (UTC)","index.js","Call to http://locks.duttonbiz.com/service.php?cmd=GETLIST&key=098f6bcd4621d373cade4e832627b4f6&lockid=1 successful: {"codeArr":["ac45534b","anothercode"],"status":"SUCCESS"}"
"Sun Jan 08 2017 20:44:17 GMT+0000 (UTC)","index.js","Call to http://locks.duttonbiz.com/service.php?cmd=UNLOCK&key=098f6bcd4621d373cade4e832627b4f6&lockid=1&code=&status=BLOCKED successful: {"codeArr":[],"status":"SUCCESS"}"
"Sun Jan 08 2017 20:44:40 GMT+0000 (UTC)","index.js","Call to http://locks.duttonbiz.com/service.php?cmd=GETLIST&key=098f6bcd4621d373cade4e832627b4f6&lockid=1 successful: {"codeArr":["ac45534b","anothercode"],"status":"SUCCESS"}"
"Sun Jan 08 2017 20:45:50 GMT+0000 (UTC)","index.js","Ready and waiting..."
"Sun Jan 08 2017 20:45:51 GMT+0000 (UTC)","index.js","Call to http://locks.duttonbiz.com/service.php?cmd=GETLIST&key=098f6bcd4621d373cade4e832627b4f6&lockid=1 successful: {"codeArr":["ac45534b","anothercode"],"status":"SUCCESS"}"
"Sun Jan 08 2017 20:45:53 GMT+0000 (UTC)","index.js","Call to http://locks.duttonbiz.com/service.php?cmd=UNLOCK&key=098f6bcd4621d373cade4e832627b4f6&lockid=1&code=&status=ALLOWED successful: {"codeArr":[],"status":"SUCCESS"}"
"Sun Jan 08 2017 20:46:04 GMT+0000 (UTC)","index.js","Call to http://locks.duttonbiz.com/service.php?cmd=UNLOCK&key=098f6bcd4621d373cade4e832627b4f6&lockid=1&code=&status=BLOCKED successful: {"codeArr":[],"status":"SUCCESS"}"
"Sun Jan 08 2017 20:46:08 GMT+0000 (UTC)","index.js","Call to http://locks.duttonbiz.com/service.php?cmd=UNLOCK&key=098f6bcd4621d373cade4e832627b4f6&lockid=1&code=&status=ALLOWED successful: {"codeArr":[],"status":"SUCCESS"}"
"Sun Jan 08 2017 20:48:37 GMT+0000 (UTC)","index.js","Ready and waiting..."
"Sun Jan 08 2017 20:48:37 GMT+0000 (UTC)","index.js","Call to http://locks.duttonbiz.com/service.php?cmd=GETLIST&key=098f6bcd4621d373cade4e832627b4f6&lockid=1 successful: {"codeArr":["ac45534b","anothercode"],"status":"SUCCESS"}"
"Sun Jan 08 2017 20:48:39 GMT+0000 (UTC)","index.js","Call to http://locks.duttonbiz.com/service.php?cmd=UNLOCK&key=098f6bcd4621d373cade4e832627b4f6&lockid=1&code=&status=ALLOWED successful: {"codeArr":[],"status":"SUCCESS"}"
"Sun Jan 08 2017 20:49:07 GMT+0000 (UTC)","index.js","Call to http://locks.duttonbiz.com/service.php?cmd=GETLIST&key=098f6bcd4621d373cade4e832627b4f6&lockid=1 successful: {"codeArr":["ac45534b","anothercode"],"status":"SUCCESS"}"
"Sun Jan 08 2017 20:50:56 GMT+0000 (UTC)","index.js","Ready and waiting..."
"Sun Jan 08 2017 20:50:56 GMT+0000 (UTC)","index.js","Call to http://locks.duttonbiz.com/service.php?cmd=GETLIST&key=098f6bcd4621d373cade4e832627b4f6&lockid=1 successful: {"codeArr":["ac45534b","anothercode"],"status":"SUCCESS"}"
"Sun Jan 08 2017 20:50:58 GMT+0000 (UTC)","index.js","Call to http://locks.duttonbiz.com/service.php?cmd=UNLOCK&key=098f6bcd4621d373cade4e832627b4f6&lockid=1&code=&status=ALLOWED successful: {"codeArr":[],"status":"SUCCESS"}"
"Sun Jan 08 2017 20:53:55 GMT+0000 (UTC)","index.js","Ready and waiting..."
"Sun Jan 08 2017 20:53:56 GMT+0000 (UTC)","index.js","Call to http://locks.duttonbiz.com/service.php?cmd=GETLIST&key=098f6bcd4621d373cade4e832627b4f6&lockid=1 successful: {"codeArr":["ac45534b","anothercode"],"status":"SUCCESS"}"
"Sun Jan 08 2017 20:53:58 GMT+0000 (UTC)","index.js","Call to http://locks.duttonbiz.com/service.php?cmd=UNLOCK&key=098f6bcd4621d373cade4e832627b4f6&lockid=1&code=&status=ALLOWED successful: {"codeArr":[],"status":"SUCCESS"}"
