0 info it worked if it ends with ok
1 verbose cli [ 'C:\\Program Files\\nodejs\\node.exe',
1 verbose cli   'C:\\Users\\sdutton\\AppData\\Roaming\\npm\\node_modules\\npm\\bin\\npm-cli.js',
1 verbose cli   'install',
1 verbose cli   'onoff' ]
2 info using npm@3.10.5
3 info using node@v6.3.1
4 silly loadCurrentTree Starting
5 silly install loadCurrentTree
6 silly install readLocalPackageData
7 silly fetchPackageMetaData onoff
8 silly fetchNamedPackageData onoff
9 silly mapToRegistry name onoff
10 silly mapToRegistry using default registry
11 silly mapToRegistry registry http://registry.npmjs.org/
12 silly mapToRegistry data Result {
12 silly mapToRegistry   raw: 'onoff',
12 silly mapToRegistry   scope: null,
12 silly mapToRegistry   escapedName: 'onoff',
12 silly mapToRegistry   name: 'onoff',
12 silly mapToRegistry   rawSpec: '',
12 silly mapToRegistry   spec: 'latest',
12 silly mapToRegistry   type: 'tag' }
13 silly mapToRegistry uri http://registry.npmjs.org/onoff
14 verbose request uri http://registry.npmjs.org/onoff
15 verbose request no auth needed
16 info attempt registry request try #1 at 1:43:34 PM
17 verbose request id 9c6b8289e28f9de8
18 http request GET http://registry.npmjs.org/onoff
19 http 200 http://registry.npmjs.org/onoff
20 verbose headers { server: 'nginx/1.10.1',
20 verbose headers   'content-type': 'application/json',
20 verbose headers   'last-modified': 'Sun, 08 Jan 2017 20:42:58 GMT',
20 verbose headers   etag: 'W/"5872a452-a5c6"',
20 verbose headers   'content-encoding': 'gzip',
20 verbose headers   'cache-control': 'max-age=300',
20 verbose headers   'content-length': '8262',
20 verbose headers   'accept-ranges': 'bytes',
20 verbose headers   date: 'Wed, 11 Jan 2017 18:43:35 GMT',
20 verbose headers   via: '1.1 varnish',
20 verbose headers   age: '0',
20 verbose headers   connection: 'keep-alive',
20 verbose headers   'x-served-by': 'cache-ams4123-AMS',
20 verbose headers   'x-cache': 'HIT',
20 verbose headers   'x-cache-hits': '1',
20 verbose headers   'x-timer': 'S1484160215.012425,VS0,VE7',
20 verbose headers   vary: 'Accept-Encoding' }
21 silly get cb [ 200,
21 silly get   { server: 'nginx/1.10.1',
21 silly get     'content-type': 'application/json',
21 silly get     'last-modified': 'Sun, 08 Jan 2017 20:42:58 GMT',
21 silly get     etag: 'W/"5872a452-a5c6"',
21 silly get     'content-encoding': 'gzip',
21 silly get     'cache-control': 'max-age=300',
21 silly get     'content-length': '8262',
21 silly get     'accept-ranges': 'bytes',
21 silly get     date: 'Wed, 11 Jan 2017 18:43:35 GMT',
21 silly get     via: '1.1 varnish',
21 silly get     age: '0',
21 silly get     connection: 'keep-alive',
21 silly get     'x-served-by': 'cache-ams4123-AMS',
21 silly get     'x-cache': 'HIT',
21 silly get     'x-cache-hits': '1',
21 silly get     'x-timer': 'S1484160215.012425,VS0,VE7',
21 silly get     vary: 'Accept-Encoding' } ]
22 verbose get saving onoff to C:\Users\sdutton\AppData\Roaming\npm-cache\registry.npmjs.org\onoff\.cache.json
23 verbose correctMkdir C:\Users\sdutton\AppData\Roaming\npm-cache correctMkdir not in flight; initializing
24 silly install normalizeTree
25 silly loadCurrentTree Finishing
26 silly loadIdealTree Starting
27 silly install loadIdealTree
28 silly cloneCurrentTree Starting
29 silly install cloneCurrentTreeToIdealTree
30 silly cloneCurrentTree Finishing
31 silly loadShrinkwrap Starting
32 silly install loadShrinkwrap
33 silly loadShrinkwrap Finishing
34 silly loadAllDepsIntoIdealTree Starting
35 silly install loadAllDepsIntoIdealTree
36 silly resolveWithNewModule onoff@1.1.1 checking installable status
37 silly cache add args [ 'onoff', null ]
38 verbose cache add spec onoff
39 silly cache add parsed spec Result {
39 silly cache add   raw: 'onoff',
39 silly cache add   scope: null,
39 silly cache add   escapedName: 'onoff',
39 silly cache add   name: 'onoff',
39 silly cache add   rawSpec: '',
39 silly cache add   spec: 'latest',
39 silly cache add   type: 'tag' }
40 silly addNamed onoff@latest
41 verbose addNamed "latest" is being treated as a dist-tag for onoff
42 info addNameTag [ 'onoff', 'latest' ]
43 silly mapToRegistry name onoff
44 silly mapToRegistry using default registry
45 silly mapToRegistry registry http://registry.npmjs.org/
46 silly mapToRegistry data Result {
46 silly mapToRegistry   raw: 'onoff',
46 silly mapToRegistry   scope: null,
46 silly mapToRegistry   escapedName: 'onoff',
46 silly mapToRegistry   name: 'onoff',
46 silly mapToRegistry   rawSpec: '',
46 silly mapToRegistry   spec: 'latest',
46 silly mapToRegistry   type: 'tag' }
47 silly mapToRegistry uri http://registry.npmjs.org/onoff
48 verbose addNameTag registry:http://registry.npmjs.org/onoff not in flight; fetching
49 verbose get http://registry.npmjs.org/onoff not expired, no request
50 silly addNameTag next cb for onoff with tag latest
51 silly addNamed onoff@1.1.1
52 verbose addNamed "1.1.1" is a plain semver version for onoff
53 silly mapToRegistry name onoff
54 silly mapToRegistry using default registry
55 silly mapToRegistry registry http://registry.npmjs.org/
56 silly mapToRegistry data Result {
56 silly mapToRegistry   raw: 'onoff',
56 silly mapToRegistry   scope: null,
56 silly mapToRegistry   escapedName: 'onoff',
56 silly mapToRegistry   name: 'onoff',
56 silly mapToRegistry   rawSpec: '',
56 silly mapToRegistry   spec: 'latest',
56 silly mapToRegistry   type: 'tag' }
57 silly mapToRegistry uri http://registry.npmjs.org/onoff
58 verbose addRemoteTarball http://registry.npmjs.org/onoff/-/onoff-1.1.1.tgz not in flight; adding
59 verbose addRemoteTarball [ 'http://registry.npmjs.org/onoff/-/onoff-1.1.1.tgz',
59 verbose addRemoteTarball   '3ed88a8d4c9cc3a58c3e4766d7e9d1bcffb0df3b' ]
60 info retry fetch attempt 1 at 1:43:35 PM
61 info attempt registry request try #1 at 1:43:35 PM
62 http fetch GET http://registry.npmjs.org/onoff/-/onoff-1.1.1.tgz
63 http fetch 200 http://registry.npmjs.org/onoff/-/onoff-1.1.1.tgz
64 silly fetchAndShaCheck shasum 3ed88a8d4c9cc3a58c3e4766d7e9d1bcffb0df3b
65 verbose addTmpTarball C:\Users\sdutton\AppData\Local\Temp\npm-13344-ec690a9c\registry.npmjs.org\onoff\-\onoff-1.1.1.tgz not in flight; adding
66 verbose addTmpTarball already have metadata; skipping unpack for onoff@1.1.1
67 verbose correctMkdir C:\Users\sdutton\AppData\Roaming\npm-cache correctMkdir not in flight; initializing
68 silly cache afterAdd onoff@1.1.1
69 verbose afterAdd C:\Users\sdutton\AppData\Roaming\npm-cache\onoff\1.1.1\package\package.json not in flight; writing
70 verbose correctMkdir C:\Users\sdutton\AppData\Roaming\npm-cache correctMkdir not in flight; initializing
71 verbose afterAdd C:\Users\sdutton\AppData\Roaming\npm-cache\onoff\1.1.1\package\package.json written
72 silly fetchNamedPackageData epoll
73 silly mapToRegistry name epoll
74 silly mapToRegistry using default registry
75 silly mapToRegistry registry http://registry.npmjs.org/
76 silly mapToRegistry data Result {
76 silly mapToRegistry   raw: 'epoll',
76 silly mapToRegistry   scope: null,
76 silly mapToRegistry   escapedName: 'epoll',
76 silly mapToRegistry   name: 'epoll',
76 silly mapToRegistry   rawSpec: '',
76 silly mapToRegistry   spec: 'latest',
76 silly mapToRegistry   type: 'tag' }
77 silly mapToRegistry uri http://registry.npmjs.org/epoll
78 verbose request uri http://registry.npmjs.org/epoll
79 verbose request no auth needed
80 info attempt registry request try #1 at 1:43:36 PM
81 http request GET http://registry.npmjs.org/epoll
82 http 200 http://registry.npmjs.org/epoll
83 verbose headers { server: 'nginx/1.10.1',
83 verbose headers   'content-type': 'application/json',
83 verbose headers   'last-modified': 'Fri, 22 Jul 2016 21:12:29 GMT',
83 verbose headers   etag: 'W/"57928c3d-9e71"',
83 verbose headers   'content-encoding': 'gzip',
83 verbose headers   'cache-control': 'max-age=300',
83 verbose headers   'content-length': '6117',
83 verbose headers   'accept-ranges': 'bytes',
83 verbose headers   date: 'Wed, 11 Jan 2017 18:43:36 GMT',
83 verbose headers   via: '1.1 varnish',
83 verbose headers   age: '0',
83 verbose headers   connection: 'keep-alive',
83 verbose headers   'x-served-by': 'cache-ams4123-AMS',
83 verbose headers   'x-cache': 'HIT',
83 verbose headers   'x-cache-hits': '1',
83 verbose headers   'x-timer': 'S1484160216.201716,VS0,VE6',
83 verbose headers   vary: 'Accept-Encoding' }
84 silly get cb [ 200,
84 silly get   { server: 'nginx/1.10.1',
84 silly get     'content-type': 'application/json',
84 silly get     'last-modified': 'Fri, 22 Jul 2016 21:12:29 GMT',
84 silly get     etag: 'W/"57928c3d-9e71"',
84 silly get     'content-encoding': 'gzip',
84 silly get     'cache-control': 'max-age=300',
84 silly get     'content-length': '6117',
84 silly get     'accept-ranges': 'bytes',
84 silly get     date: 'Wed, 11 Jan 2017 18:43:36 GMT',
84 silly get     via: '1.1 varnish',
84 silly get     age: '0',
84 silly get     connection: 'keep-alive',
84 silly get     'x-served-by': 'cache-ams4123-AMS',
84 silly get     'x-cache': 'HIT',
84 silly get     'x-cache-hits': '1',
84 silly get     'x-timer': 'S1484160216.201716,VS0,VE6',
84 silly get     vary: 'Accept-Encoding' } ]
85 verbose get saving epoll to C:\Users\sdutton\AppData\Roaming\npm-cache\registry.npmjs.org\epoll\.cache.json
86 verbose correctMkdir C:\Users\sdutton\AppData\Roaming\npm-cache correctMkdir not in flight; initializing
87 silly resolveWithNewModule epoll@0.1.20 checking installable status
88 silly cache add args [ 'epoll@~0.1.19', null ]
89 verbose cache add spec epoll@~0.1.19
90 silly cache add parsed spec Result {
90 silly cache add   raw: 'epoll@~0.1.19',
90 silly cache add   scope: null,
90 silly cache add   escapedName: 'epoll',
90 silly cache add   name: 'epoll',
90 silly cache add   rawSpec: '~0.1.19',
90 silly cache add   spec: '>=0.1.19 <0.2.0',
90 silly cache add   type: 'range' }
91 silly addNamed epoll@>=0.1.19 <0.2.0
92 verbose addNamed ">=0.1.19 <0.2.0" is a valid semver range for epoll
93 silly addNameRange { name: 'epoll', range: '>=0.1.19 <0.2.0', hasData: false }
94 silly mapToRegistry name epoll
95 silly mapToRegistry using default registry
96 silly mapToRegistry registry http://registry.npmjs.org/
97 silly mapToRegistry data Result {
97 silly mapToRegistry   raw: 'epoll',
97 silly mapToRegistry   scope: null,
97 silly mapToRegistry   escapedName: 'epoll',
97 silly mapToRegistry   name: 'epoll',
97 silly mapToRegistry   rawSpec: '',
97 silly mapToRegistry   spec: 'latest',
97 silly mapToRegistry   type: 'tag' }
98 silly mapToRegistry uri http://registry.npmjs.org/epoll
99 verbose addNameRange registry:http://registry.npmjs.org/epoll not in flight; fetching
100 verbose get http://registry.npmjs.org/epoll not expired, no request
101 silly addNameRange number 2 { name: 'epoll', range: '>=0.1.19 <0.2.0', hasData: true }
102 silly addNameRange versions [ 'epoll',
102 silly addNameRange   [ '0.0.1',
102 silly addNameRange     '0.0.2',
102 silly addNameRange     '0.0.3',
102 silly addNameRange     '0.0.4',
102 silly addNameRange     '0.0.5',
102 silly addNameRange     '0.0.6',
102 silly addNameRange     '0.0.7',
102 silly addNameRange     '0.0.8',
102 silly addNameRange     '0.1.0',
102 silly addNameRange     '0.1.1',
102 silly addNameRange     '0.1.2',
102 silly addNameRange     '0.1.3',
102 silly addNameRange     '0.1.4',
102 silly addNameRange     '0.1.5',
102 silly addNameRange     '0.1.7',
102 silly addNameRange     '0.1.8',
102 silly addNameRange     '0.1.9',
102 silly addNameRange     '0.1.10',
102 silly addNameRange     '0.1.11',
102 silly addNameRange     '0.1.12',
102 silly addNameRange     '0.1.13',
102 silly addNameRange     '0.1.14',
102 silly addNameRange     '0.1.15',
102 silly addNameRange     '0.1.16',
102 silly addNameRange     '0.1.17',
102 silly addNameRange     '0.1.18',
102 silly addNameRange     '0.1.19',
102 silly addNameRange     '0.1.20' ] ]
103 silly addNamed epoll@0.1.20
104 verbose addNamed "0.1.20" is a plain semver version for epoll
105 silly mapToRegistry name epoll
106 silly mapToRegistry using default registry
107 silly mapToRegistry registry http://registry.npmjs.org/
108 silly mapToRegistry data Result {
108 silly mapToRegistry   raw: 'epoll',
108 silly mapToRegistry   scope: null,
108 silly mapToRegistry   escapedName: 'epoll',
108 silly mapToRegistry   name: 'epoll',
108 silly mapToRegistry   rawSpec: '',
108 silly mapToRegistry   spec: 'latest',
108 silly mapToRegistry   type: 'tag' }
109 silly mapToRegistry uri http://registry.npmjs.org/epoll
110 verbose addRemoteTarball http://registry.npmjs.org/epoll/-/epoll-0.1.20.tgz not in flight; adding
111 verbose addRemoteTarball [ 'http://registry.npmjs.org/epoll/-/epoll-0.1.20.tgz',
111 verbose addRemoteTarball   '68a7ef9bdb7a58813ccae2f817f8beb9ea396c55' ]
112 info retry fetch attempt 1 at 1:43:36 PM
113 info attempt registry request try #1 at 1:43:36 PM
114 http fetch GET http://registry.npmjs.org/epoll/-/epoll-0.1.20.tgz
115 http fetch 200 http://registry.npmjs.org/epoll/-/epoll-0.1.20.tgz
116 silly fetchAndShaCheck shasum 68a7ef9bdb7a58813ccae2f817f8beb9ea396c55
117 verbose addTmpTarball C:\Users\sdutton\AppData\Local\Temp\npm-13344-ec690a9c\registry.npmjs.org\epoll\-\epoll-0.1.20.tgz not in flight; adding
118 verbose addTmpTarball already have metadata; skipping unpack for epoll@0.1.20
119 verbose correctMkdir C:\Users\sdutton\AppData\Roaming\npm-cache correctMkdir not in flight; initializing
120 silly cache afterAdd epoll@0.1.20
121 verbose afterAdd C:\Users\sdutton\AppData\Roaming\npm-cache\epoll\0.1.20\package\package.json not in flight; writing
122 verbose correctMkdir C:\Users\sdutton\AppData\Roaming\npm-cache correctMkdir not in flight; initializing
123 verbose afterAdd C:\Users\sdutton\AppData\Roaming\npm-cache\epoll\0.1.20\package\package.json written
124 silly fetchNamedPackageData bindings
125 silly mapToRegistry name bindings
126 silly mapToRegistry using default registry
127 silly mapToRegistry registry http://registry.npmjs.org/
128 silly mapToRegistry data Result {
128 silly mapToRegistry   raw: 'bindings',
128 silly mapToRegistry   scope: null,
128 silly mapToRegistry   escapedName: 'bindings',
128 silly mapToRegistry   name: 'bindings',
128 silly mapToRegistry   rawSpec: '',
128 silly mapToRegistry   spec: 'latest',
128 silly mapToRegistry   type: 'tag' }
129 silly mapToRegistry uri http://registry.npmjs.org/bindings
130 silly fetchNamedPackageData nan
131 silly mapToRegistry name nan
132 silly mapToRegistry using default registry
133 silly mapToRegistry registry http://registry.npmjs.org/
134 silly mapToRegistry data Result {
134 silly mapToRegistry   raw: 'nan',
134 silly mapToRegistry   scope: null,
134 silly mapToRegistry   escapedName: 'nan',
134 silly mapToRegistry   name: 'nan',
134 silly mapToRegistry   rawSpec: '',
134 silly mapToRegistry   spec: 'latest',
134 silly mapToRegistry   type: 'tag' }
135 silly mapToRegistry uri http://registry.npmjs.org/nan
136 verbose request uri http://registry.npmjs.org/bindings
137 verbose request no auth needed
138 info attempt registry request try #1 at 1:43:36 PM
139 verbose etag W/"580645d3-46f7"
140 verbose lastModified Tue, 18 Oct 2016 15:54:59 GMT
141 http request GET http://registry.npmjs.org/bindings
142 verbose request uri http://registry.npmjs.org/nan
143 verbose request no auth needed
144 info attempt registry request try #1 at 1:43:36 PM
145 verbose etag W/"58429a07-1ce2d"
146 verbose lastModified Sat, 03 Dec 2016 10:10:15 GMT
147 http request GET http://registry.npmjs.org/nan
148 http 304 http://registry.npmjs.org/bindings
149 verbose headers { date: 'Wed, 11 Jan 2017 18:43:36 GMT',
149 verbose headers   via: '1.1 varnish',
149 verbose headers   'cache-control': 'max-age=300',
149 verbose headers   etag: 'W/"580645d3-46f7"',
149 verbose headers   age: '215',
149 verbose headers   connection: 'keep-alive',
149 verbose headers   'x-served-by': 'cache-ams4123-AMS',
149 verbose headers   'x-cache': 'HIT',
149 verbose headers   'x-cache-hits': '1',
149 verbose headers   'x-timer': 'S1484160216.582876,VS0,VE0',
149 verbose headers   vary: 'Accept-Encoding' }
150 silly get cb [ 304,
150 silly get   { date: 'Wed, 11 Jan 2017 18:43:36 GMT',
150 silly get     via: '1.1 varnish',
150 silly get     'cache-control': 'max-age=300',
150 silly get     etag: 'W/"580645d3-46f7"',
150 silly get     age: '215',
150 silly get     connection: 'keep-alive',
150 silly get     'x-served-by': 'cache-ams4123-AMS',
150 silly get     'x-cache': 'HIT',
150 silly get     'x-cache-hits': '1',
150 silly get     'x-timer': 'S1484160216.582876,VS0,VE0',
150 silly get     vary: 'Accept-Encoding' } ]
151 verbose etag http://registry.npmjs.org/bindings from cache
152 verbose get saving bindings to C:\Users\sdutton\AppData\Roaming\npm-cache\registry.npmjs.org\bindings\.cache.json
153 verbose correctMkdir C:\Users\sdutton\AppData\Roaming\npm-cache correctMkdir not in flight; initializing
154 silly resolveWithNewModule bindings@1.2.1 checking installable status
155 silly cache add args [ 'bindings@~1.2.1', null ]
156 verbose cache add spec bindings@~1.2.1
157 silly cache add parsed spec Result {
157 silly cache add   raw: 'bindings@~1.2.1',
157 silly cache add   scope: null,
157 silly cache add   escapedName: 'bindings',
157 silly cache add   name: 'bindings',
157 silly cache add   rawSpec: '~1.2.1',
157 silly cache add   spec: '>=1.2.1 <1.3.0',
157 silly cache add   type: 'range' }
158 silly addNamed bindings@>=1.2.1 <1.3.0
159 verbose addNamed ">=1.2.1 <1.3.0" is a valid semver range for bindings
160 silly addNameRange { name: 'bindings', range: '>=1.2.1 <1.3.0', hasData: false }
161 silly mapToRegistry name bindings
162 silly mapToRegistry using default registry
163 silly mapToRegistry registry http://registry.npmjs.org/
164 silly mapToRegistry data Result {
164 silly mapToRegistry   raw: 'bindings',
164 silly mapToRegistry   scope: null,
164 silly mapToRegistry   escapedName: 'bindings',
164 silly mapToRegistry   name: 'bindings',
164 silly mapToRegistry   rawSpec: '',
164 silly mapToRegistry   spec: 'latest',
164 silly mapToRegistry   type: 'tag' }
165 silly mapToRegistry uri http://registry.npmjs.org/bindings
166 verbose addNameRange registry:http://registry.npmjs.org/bindings not in flight; fetching
167 verbose get http://registry.npmjs.org/bindings not expired, no request
168 silly addNameRange number 2 { name: 'bindings', range: '>=1.2.1 <1.3.0', hasData: true }
169 silly addNameRange versions [ 'bindings',
169 silly addNameRange   [ '0.0.1',
169 silly addNameRange     '0.1.0',
169 silly addNameRange     '0.1.1',
169 silly addNameRange     '0.2.0',
169 silly addNameRange     '0.2.1',
169 silly addNameRange     '0.2.2',
169 silly addNameRange     '0.2.3',
169 silly addNameRange     '0.2.4',
169 silly addNameRange     '0.3.0',
169 silly addNameRange     '0.4.0',
169 silly addNameRange     '1.0.0',
169 silly addNameRange     '1.1.0',
169 silly addNameRange     '1.1.1',
169 silly addNameRange     '1.2.0',
169 silly addNameRange     '1.2.1' ] ]
170 silly addNamed bindings@1.2.1
171 verbose addNamed "1.2.1" is a plain semver version for bindings
172 silly cache afterAdd bindings@1.2.1
173 verbose afterAdd C:\Users\sdutton\AppData\Roaming\npm-cache\bindings\1.2.1\package\package.json not in flight; writing
174 verbose correctMkdir C:\Users\sdutton\AppData\Roaming\npm-cache correctMkdir not in flight; initializing
175 verbose afterAdd C:\Users\sdutton\AppData\Roaming\npm-cache\bindings\1.2.1\package\package.json written
176 http 200 http://registry.npmjs.org/nan
177 verbose headers { server: 'nginx/1.10.1',
177 verbose headers   'content-type': 'application/json',
177 verbose headers   'last-modified': 'Wed, 21 Dec 2016 18:49:51 GMT',
177 verbose headers   etag: 'W/"585acecf-1d7db"',
177 verbose headers   'content-encoding': 'gzip',
177 verbose headers   'cache-control': 'max-age=300',
177 verbose headers   'content-length': '14296',
177 verbose headers   'accept-ranges': 'bytes',
177 verbose headers   date: 'Wed, 11 Jan 2017 18:43:36 GMT',
177 verbose headers   via: '1.1 varnish',
177 verbose headers   age: '136',
177 verbose headers   connection: 'keep-alive',
177 verbose headers   'x-served-by': 'cache-ams4424-AMS',
177 verbose headers   'x-cache': 'HIT',
177 verbose headers   'x-cache-hits': '2',
177 verbose headers   'x-timer': 'S1484160216.708353,VS0,VE0',
177 verbose headers   vary: 'Accept-Encoding' }
178 silly get cb [ 200,
178 silly get   { server: 'nginx/1.10.1',
178 silly get     'content-type': 'application/json',
178 silly get     'last-modified': 'Wed, 21 Dec 2016 18:49:51 GMT',
178 silly get     etag: 'W/"585acecf-1d7db"',
178 silly get     'content-encoding': 'gzip',
178 silly get     'cache-control': 'max-age=300',
178 silly get     'content-length': '14296',
178 silly get     'accept-ranges': 'bytes',
178 silly get     date: 'Wed, 11 Jan 2017 18:43:36 GMT',
178 silly get     via: '1.1 varnish',
178 silly get     age: '136',
178 silly get     connection: 'keep-alive',
178 silly get     'x-served-by': 'cache-ams4424-AMS',
178 silly get     'x-cache': 'HIT',
178 silly get     'x-cache-hits': '2',
178 silly get     'x-timer': 'S1484160216.708353,VS0,VE0',
178 silly get     vary: 'Accept-Encoding' } ]
179 verbose get saving nan to C:\Users\sdutton\AppData\Roaming\npm-cache\registry.npmjs.org\nan\.cache.json
180 verbose correctMkdir C:\Users\sdutton\AppData\Roaming\npm-cache correctMkdir not in flight; initializing
181 silly resolveWithNewModule nan@2.4.0 checking installable status
182 silly cache add args [ 'nan@~2.4.0', null ]
183 verbose cache add spec nan@~2.4.0
184 silly cache add parsed spec Result {
184 silly cache add   raw: 'nan@~2.4.0',
184 silly cache add   scope: null,
184 silly cache add   escapedName: 'nan',
184 silly cache add   name: 'nan',
184 silly cache add   rawSpec: '~2.4.0',
184 silly cache add   spec: '>=2.4.0 <2.5.0',
184 silly cache add   type: 'range' }
185 silly addNamed nan@>=2.4.0 <2.5.0
186 verbose addNamed ">=2.4.0 <2.5.0" is a valid semver range for nan
187 silly addNameRange { name: 'nan', range: '>=2.4.0 <2.5.0', hasData: false }
188 silly mapToRegistry name nan
189 silly mapToRegistry using default registry
190 silly mapToRegistry registry http://registry.npmjs.org/
191 silly mapToRegistry data Result {
191 silly mapToRegistry   raw: 'nan',
191 silly mapToRegistry   scope: null,
191 silly mapToRegistry   escapedName: 'nan',
191 silly mapToRegistry   name: 'nan',
191 silly mapToRegistry   rawSpec: '',
191 silly mapToRegistry   spec: 'latest',
191 silly mapToRegistry   type: 'tag' }
192 silly mapToRegistry uri http://registry.npmjs.org/nan
193 verbose addNameRange registry:http://registry.npmjs.org/nan not in flight; fetching
194 verbose get http://registry.npmjs.org/nan not expired, no request
195 silly addNameRange number 2 { name: 'nan', range: '>=2.4.0 <2.5.0', hasData: true }
196 silly addNameRange versions [ 'nan',
196 silly addNameRange   [ '0.3.0-wip',
196 silly addNameRange     '0.3.0-wip2',
196 silly addNameRange     '0.3.0',
196 silly addNameRange     '0.3.1',
196 silly addNameRange     '0.3.2',
196 silly addNameRange     '0.4.0',
196 silly addNameRange     '0.4.1',
196 silly addNameRange     '0.4.2',
196 silly addNameRange     '0.4.3',
196 silly addNameRange     '0.4.4',
196 silly addNameRange     '0.5.0',
196 silly addNameRange     '0.5.1',
196 silly addNameRange     '0.5.2',
196 silly addNameRange     '0.6.0',
196 silly addNameRange     '0.7.0',
196 silly addNameRange     '0.7.1',
196 silly addNameRange     '0.8.0',
196 silly addNameRange     '1.0.0',
196 silly addNameRange     '1.1.0',
196 silly addNameRange     '1.1.1',
196 silly addNameRange     '1.1.2',
196 silly addNameRange     '1.2.0',
196 silly addNameRange     '1.3.0',
196 silly addNameRange     '1.4.0',
196 silly addNameRange     '1.4.1',
196 silly addNameRange     '1.5.0',
196 silly addNameRange     '1.4.2',
196 silly addNameRange     '1.4.3',
196 silly addNameRange     '1.5.1',
196 silly addNameRange     '1.5.2',
196 silly addNameRange     '1.6.0',
196 silly addNameRange     '1.5.3',
196 silly addNameRange     '1.6.1',
196 silly addNameRange     '1.6.2',
196 silly addNameRange     '1.7.0',
196 silly addNameRange     '1.8.0',
196 silly addNameRange     '1.8.1',
196 silly addNameRange     '1.8.2',
196 silly addNameRange     '1.8.3',
196 silly addNameRange     '1.8.4',
196 silly addNameRange     '1.9.0',
196 silly addNameRange     '2.0.0',
196 silly addNameRange     '2.0.1',
196 silly addNameRange     '2.0.2',
196 silly addNameRange     '2.0.3',
196 silly addNameRange     '2.0.4',
196 silly addNameRange     '2.0.5',
196 silly addNameRange     '2.0.6',
196 silly addNameRange     '2.0.7',
196 silly addNameRange     '2.0.8',
196 silly addNameRange     '2.0.9',
196 silly addNameRange     '2.1.0',
196 silly addNameRange     '2.2.0',
196 silly addNameRange     '2.2.1',
196 silly addNameRange     '2.3.0',
196 silly addNameRange     '2.3.1',
196 silly addNameRange     '2.3.2',
196 silly addNameRange     '2.3.3',
196 silly addNameRange     '2.3.4',
196 silly addNameRange     '2.3.5',
196 silly addNameRange     '2.4.0',
196 silly addNameRange     '2.5.0' ] ]
197 silly addNamed nan@2.4.0
198 verbose addNamed "2.4.0" is a plain semver version for nan
199 silly cache afterAdd nan@2.4.0
200 verbose afterAdd C:\Users\sdutton\AppData\Roaming\npm-cache\nan\2.4.0\package\package.json not in flight; writing
201 verbose correctMkdir C:\Users\sdutton\AppData\Roaming\npm-cache correctMkdir not in flight; initializing
202 verbose afterAdd C:\Users\sdutton\AppData\Roaming\npm-cache\nan\2.4.0\package\package.json written
203 silly loadAllDepsIntoIdealTree Finishing
204 silly loadIdealTree Finishing
205 silly currentTree lockpi@1.0.0
205 silly currentTree +-- ansi-regex@2.0.0
205 silly currentTree +-- ansi-styles@2.2.1
205 silly currentTree +-- asn1@0.2.3
205 silly currentTree +-- assert-plus@0.2.0
205 silly currentTree +-- asynckit@0.4.0
205 silly currentTree +-- aws-sign2@0.6.0
205 silly currentTree +-- aws4@1.5.0
205 silly currentTree +-- bcrypt-pbkdf@1.0.0
205 silly currentTree +-- body-parser@1.15.2
205 silly currentTree +-- boom@2.10.1
205 silly currentTree +-- bytes@2.4.0
205 silly currentTree +-- caseless@0.11.0
205 silly currentTree +-- chalk@1.1.3
205 silly currentTree +-- combined-stream@1.0.5
205 silly currentTree +-- commander@2.9.0
205 silly currentTree +-- content-type@1.0.2
205 silly currentTree +-- cryptiles@2.0.5
205 silly currentTree +-- dashdash@1.14.1
205 silly currentTree | `-- assert-plus@1.0.0
205 silly currentTree +-- debug@2.2.0
205 silly currentTree +-- delayed-stream@1.0.0
205 silly currentTree +-- depd@1.1.0
205 silly currentTree +-- ecc-jsbn@0.1.1
205 silly currentTree +-- ee-first@1.1.1
205 silly currentTree +-- escape-string-regexp@1.0.5
205 silly currentTree +-- express@4.14.0
205 silly currentTree | +-- accepts@1.3.3
205 silly currentTree | | `-- negotiator@0.6.1
205 silly currentTree | +-- array-flatten@1.1.1
205 silly currentTree | +-- content-disposition@0.5.1
205 silly currentTree | +-- cookie-signature@1.0.6
205 silly currentTree | +-- cookie@0.3.1
205 silly currentTree | +-- encodeurl@1.0.1
205 silly currentTree | +-- escape-html@1.0.3
205 silly currentTree | +-- etag@1.7.0
205 silly currentTree | +-- finalhandler@0.5.0
205 silly currentTree | +-- fresh@0.3.0
205 silly currentTree | +-- merge-descriptors@1.0.1
205 silly currentTree | +-- methods@1.1.2
205 silly currentTree | +-- parseurl@1.3.1
205 silly currentTree | +-- path-to-regexp@0.1.7
205 silly currentTree | +-- proxy-addr@1.1.2
205 silly currentTree | | +-- forwarded@0.1.0
205 silly currentTree | | `-- ipaddr.js@1.1.1
205 silly currentTree | +-- range-parser@1.2.0
205 silly currentTree | +-- send@0.14.1
205 silly currentTree | | +-- destroy@1.0.4
205 silly currentTree | | `-- mime@1.3.4
205 silly currentTree | +-- serve-static@1.11.1
205 silly currentTree | +-- utils-merge@1.0.0
205 silly currentTree | `-- vary@1.1.0
205 silly currentTree +-- extend@3.0.0
205 silly currentTree +-- extsprintf@1.0.2
205 silly currentTree +-- forever-agent@0.6.1
205 silly currentTree +-- form-data@2.1.2
205 silly currentTree +-- generate-function@2.0.0
205 silly currentTree +-- generate-object-property@1.2.0
205 silly currentTree +-- getpass@0.1.6
205 silly currentTree | `-- assert-plus@1.0.0
205 silly currentTree +-- graceful-readlink@1.0.1
205 silly currentTree +-- har-validator@2.0.6
205 silly currentTree +-- has-ansi@2.0.0
205 silly currentTree +-- hawk@3.1.3
205 silly currentTree +-- hoek@2.16.3
205 silly currentTree +-- http-errors@1.5.1
205 silly currentTree +-- http-signature@1.1.1
205 silly currentTree +-- iconv-lite@0.4.13
205 silly currentTree +-- inherits@2.0.3
205 silly currentTree +-- is-my-json-valid@2.15.0
205 silly currentTree +-- is-property@1.0.2
205 silly currentTree +-- is-typedarray@1.0.0
205 silly currentTree +-- isstream@0.1.2
205 silly currentTree +-- jodid25519@1.0.2
205 silly currentTree +-- jsbn@0.1.0
205 silly currentTree +-- json-schema@0.2.3
205 silly currentTree +-- json-stringify-safe@5.0.1
205 silly currentTree +-- jsonpointer@4.0.1
205 silly currentTree +-- jsprim@1.3.1
205 silly currentTree +-- media-typer@0.3.0
205 silly currentTree +-- mime-db@1.25.0
205 silly currentTree +-- mime-types@2.1.13
205 silly currentTree +-- ms@0.7.1
205 silly currentTree +-- oauth-sign@0.8.2
205 silly currentTree +-- on-finished@2.3.0
205 silly currentTree +-- pi-gpio@0.0.8
205 silly currentTree +-- pinkie-promise@2.0.1
205 silly currentTree +-- pinkie@2.0.4
205 silly currentTree +-- punycode@1.4.1
205 silly currentTree +-- qs@6.2.0
205 silly currentTree +-- raw-body@2.1.7
205 silly currentTree +-- rc522-rfid-promise@16.0.1
205 silly currentTree | `-- q@1.4.1
205 silly currentTree +-- rc522@0.1.2
205 silly currentTree +-- request@2.79.0
205 silly currentTree | `-- qs@6.3.0
205 silly currentTree +-- rpi-gpio@0.7.0
205 silly currentTree | +-- async@1.5.2
205 silly currentTree | `-- epoll@0.1.20
205 silly currentTree |   +-- bindings@1.2.1
205 silly currentTree |   `-- nan@2.4.0
205 silly currentTree +-- setprototypeof@1.0.2
205 silly currentTree +-- sntp@1.0.9
205 silly currentTree +-- sshpk@1.10.1
205 silly currentTree | `-- assert-plus@1.0.0
205 silly currentTree +-- statuses@1.3.1
205 silly currentTree +-- stringstream@0.0.5
205 silly currentTree +-- strip-ansi@3.0.1
205 silly currentTree +-- supports-color@2.0.0
205 silly currentTree +-- tough-cookie@2.3.2
205 silly currentTree +-- tunnel-agent@0.4.3
205 silly currentTree +-- tweetnacl@0.14.5
205 silly currentTree +-- type-is@1.6.14
205 silly currentTree +-- unpipe@1.0.0
205 silly currentTree +-- uuid@3.0.1
205 silly currentTree +-- verror@1.3.6
205 silly currentTree `-- xtend@4.0.1
206 silly idealTree lockpi@1.0.0
206 silly idealTree +-- ansi-regex@2.0.0
206 silly idealTree +-- ansi-styles@2.2.1
206 silly idealTree +-- asn1@0.2.3
206 silly idealTree +-- assert-plus@0.2.0
206 silly idealTree +-- asynckit@0.4.0
206 silly idealTree +-- aws-sign2@0.6.0
206 silly idealTree +-- aws4@1.5.0
206 silly idealTree +-- bcrypt-pbkdf@1.0.0
206 silly idealTree +-- bindings@1.2.1
206 silly idealTree +-- body-parser@1.15.2
206 silly idealTree +-- boom@2.10.1
206 silly idealTree +-- bytes@2.4.0
206 silly idealTree +-- caseless@0.11.0
206 silly idealTree +-- chalk@1.1.3
206 silly idealTree +-- combined-stream@1.0.5
206 silly idealTree +-- commander@2.9.0
206 silly idealTree +-- content-type@1.0.2
206 silly idealTree +-- cryptiles@2.0.5
206 silly idealTree +-- dashdash@1.14.1
206 silly idealTree | `-- assert-plus@1.0.0
206 silly idealTree +-- debug@2.2.0
206 silly idealTree +-- delayed-stream@1.0.0
206 silly idealTree +-- depd@1.1.0
206 silly idealTree +-- ecc-jsbn@0.1.1
206 silly idealTree +-- ee-first@1.1.1
206 silly idealTree +-- epoll@0.1.20
206 silly idealTree +-- escape-string-regexp@1.0.5
206 silly idealTree +-- express@4.14.0
206 silly idealTree | +-- accepts@1.3.3
206 silly idealTree | | `-- negotiator@0.6.1
206 silly idealTree | +-- array-flatten@1.1.1
206 silly idealTree | +-- content-disposition@0.5.1
206 silly idealTree | +-- cookie-signature@1.0.6
206 silly idealTree | +-- cookie@0.3.1
206 silly idealTree | +-- encodeurl@1.0.1
206 silly idealTree | +-- escape-html@1.0.3
206 silly idealTree | +-- etag@1.7.0
206 silly idealTree | +-- finalhandler@0.5.0
206 silly idealTree | +-- fresh@0.3.0
206 silly idealTree | +-- merge-descriptors@1.0.1
206 silly idealTree | +-- methods@1.1.2
206 silly idealTree | +-- parseurl@1.3.1
206 silly idealTree | +-- path-to-regexp@0.1.7
206 silly idealTree | +-- proxy-addr@1.1.2
206 silly idealTree | | +-- forwarded@0.1.0
206 silly idealTree | | `-- ipaddr.js@1.1.1
206 silly idealTree | +-- range-parser@1.2.0
206 silly idealTree | +-- send@0.14.1
206 silly idealTree | | +-- destroy@1.0.4
206 silly idealTree | | `-- mime@1.3.4
206 silly idealTree | +-- serve-static@1.11.1
206 silly idealTree | +-- utils-merge@1.0.0
206 silly idealTree | `-- vary@1.1.0
206 silly idealTree +-- extend@3.0.0
206 silly idealTree +-- extsprintf@1.0.2
206 silly idealTree +-- forever-agent@0.6.1
206 silly idealTree +-- form-data@2.1.2
206 silly idealTree +-- generate-function@2.0.0
206 silly idealTree +-- generate-object-property@1.2.0
206 silly idealTree +-- getpass@0.1.6
206 silly idealTree | `-- assert-plus@1.0.0
206 silly idealTree +-- graceful-readlink@1.0.1
206 silly idealTree +-- har-validator@2.0.6
206 silly idealTree +-- has-ansi@2.0.0
206 silly idealTree +-- hawk@3.1.3
206 silly idealTree +-- hoek@2.16.3
206 silly idealTree +-- http-errors@1.5.1
206 silly idealTree +-- http-signature@1.1.1
206 silly idealTree +-- iconv-lite@0.4.13
206 silly idealTree +-- inherits@2.0.3
206 silly idealTree +-- is-my-json-valid@2.15.0
206 silly idealTree +-- is-property@1.0.2
206 silly idealTree +-- is-typedarray@1.0.0
206 silly idealTree +-- isstream@0.1.2
206 silly idealTree +-- jodid25519@1.0.2
206 silly idealTree +-- jsbn@0.1.0
206 silly idealTree +-- json-schema@0.2.3
206 silly idealTree +-- json-stringify-safe@5.0.1
206 silly idealTree +-- jsonpointer@4.0.1
206 silly idealTree +-- jsprim@1.3.1
206 silly idealTree +-- media-typer@0.3.0
206 silly idealTree +-- mime-db@1.25.0
206 silly idealTree +-- mime-types@2.1.13
206 silly idealTree +-- ms@0.7.1
206 silly idealTree +-- nan@2.4.0
206 silly idealTree +-- oauth-sign@0.8.2
206 silly idealTree +-- on-finished@2.3.0
206 silly idealTree +-- onoff@1.1.1
206 silly idealTree +-- pi-gpio@0.0.8
206 silly idealTree +-- pinkie-promise@2.0.1
206 silly idealTree +-- pinkie@2.0.4
206 silly idealTree +-- punycode@1.4.1
206 silly idealTree +-- qs@6.2.0
206 silly idealTree +-- raw-body@2.1.7
206 silly idealTree +-- rc522-rfid-promise@16.0.1
206 silly idealTree | `-- q@1.4.1
206 silly idealTree +-- rc522@0.1.2
206 silly idealTree +-- request@2.79.0
206 silly idealTree | `-- qs@6.3.0
206 silly idealTree +-- rpi-gpio@0.7.0
206 silly idealTree | +-- async@1.5.2
206 silly idealTree | `-- epoll@0.1.20
206 silly idealTree |   +-- bindings@1.2.1
206 silly idealTree |   `-- nan@2.4.0
206 silly idealTree +-- setprototypeof@1.0.2
206 silly idealTree +-- sntp@1.0.9
206 silly idealTree +-- sshpk@1.10.1
206 silly idealTree | `-- assert-plus@1.0.0
206 silly idealTree +-- statuses@1.3.1
206 silly idealTree +-- stringstream@0.0.5
206 silly idealTree +-- strip-ansi@3.0.1
206 silly idealTree +-- supports-color@2.0.0
206 silly idealTree +-- tough-cookie@2.3.2
206 silly idealTree +-- tunnel-agent@0.4.3
206 silly idealTree +-- tweetnacl@0.14.5
206 silly idealTree +-- type-is@1.6.14
206 silly idealTree +-- unpipe@1.0.0
206 silly idealTree +-- uuid@3.0.1
206 silly idealTree +-- verror@1.3.6
206 silly idealTree `-- xtend@4.0.1
207 silly generateActionsToTake Starting
208 silly install generateActionsToTake
209 silly generateActionsToTake Finishing
210 silly diffTrees action count 4
211 silly diffTrees add bindings@1.2.1
212 silly diffTrees add nan@2.4.0
213 silly diffTrees add epoll@0.1.20
214 silly diffTrees add onoff@1.1.1
215 silly decomposeActions action count 32
216 silly decomposeActions fetch bindings@1.2.1
217 silly decomposeActions extract bindings@1.2.1
218 silly decomposeActions test bindings@1.2.1
219 silly decomposeActions preinstall bindings@1.2.1
220 silly decomposeActions build bindings@1.2.1
221 silly decomposeActions install bindings@1.2.1
222 silly decomposeActions postinstall bindings@1.2.1
223 silly decomposeActions finalize bindings@1.2.1
224 silly decomposeActions fetch nan@2.4.0
225 silly decomposeActions extract nan@2.4.0
226 silly decomposeActions test nan@2.4.0
227 silly decomposeActions preinstall nan@2.4.0
228 silly decomposeActions build nan@2.4.0
229 silly decomposeActions install nan@2.4.0
230 silly decomposeActions postinstall nan@2.4.0
231 silly decomposeActions finalize nan@2.4.0
232 silly decomposeActions fetch epoll@0.1.20
233 silly decomposeActions extract epoll@0.1.20
234 silly decomposeActions test epoll@0.1.20
235 silly decomposeActions preinstall epoll@0.1.20
236 silly decomposeActions build epoll@0.1.20
237 silly decomposeActions install epoll@0.1.20
238 silly decomposeActions postinstall epoll@0.1.20
239 silly decomposeActions finalize epoll@0.1.20
240 silly decomposeActions fetch onoff@1.1.1
241 silly decomposeActions extract onoff@1.1.1
242 silly decomposeActions test onoff@1.1.1
243 silly decomposeActions preinstall onoff@1.1.1
244 silly decomposeActions build onoff@1.1.1
245 silly decomposeActions install onoff@1.1.1
246 silly decomposeActions postinstall onoff@1.1.1
247 silly decomposeActions finalize onoff@1.1.1
248 silly executeActions Starting
249 silly install executeActions
250 silly doSerial global-install 0
251 silly doParallel fetch 4
252 verbose correctMkdir C:\Users\sdutton\AppData\Roaming\npm-cache\_locks correctMkdir not in flight; initializing
253 verbose lock using C:\Users\sdutton\AppData\Roaming\npm-cache\_locks\staging-c07fb2a4e716abc6.lock for C:\Users\sdutton\Documents\dbizWorkspace\OtherStuff\lockpi\node_modules\.staging
254 silly doParallel extract 4
255 silly extract bindings@1.2.1
256 silly extract nan@2.4.0
257 silly extract epoll@0.1.20
258 silly extract onoff@1.1.1
259 verbose unbuild node_modules\.staging\bindings-448ce7cd
260 verbose unbuild node_modules\.staging\nan-37c75d33
261 verbose unbuild node_modules\.staging\onoff-22dc97ea
262 verbose unbuild node_modules\.staging\epoll-421a6fcf
263 silly gentlyRm C:\Users\sdutton\Documents\dbizWorkspace\OtherStuff\lockpi\node_modules\.staging\bindings-448ce7cd is being purged from base C:\Users\sdutton\Documents\dbizWorkspace\OtherStuff\lockpi
264 verbose gentlyRm don't care about contents; nuking C:\Users\sdutton\Documents\dbizWorkspace\OtherStuff\lockpi\node_modules\.staging\bindings-448ce7cd
265 silly gentlyRm C:\Users\sdutton\Documents\dbizWorkspace\OtherStuff\lockpi\node_modules\.staging\onoff-22dc97ea is being purged from base C:\Users\sdutton\Documents\dbizWorkspace\OtherStuff\lockpi
266 verbose gentlyRm don't care about contents; nuking C:\Users\sdutton\Documents\dbizWorkspace\OtherStuff\lockpi\node_modules\.staging\onoff-22dc97ea
267 silly gentlyRm C:\Users\sdutton\Documents\dbizWorkspace\OtherStuff\lockpi\node_modules\.staging\nan-37c75d33 is being purged from base C:\Users\sdutton\Documents\dbizWorkspace\OtherStuff\lockpi
268 verbose gentlyRm don't care about contents; nuking C:\Users\sdutton\Documents\dbizWorkspace\OtherStuff\lockpi\node_modules\.staging\nan-37c75d33
269 silly gentlyRm C:\Users\sdutton\Documents\dbizWorkspace\OtherStuff\lockpi\node_modules\.staging\epoll-421a6fcf is being purged from base C:\Users\sdutton\Documents\dbizWorkspace\OtherStuff\lockpi
270 verbose gentlyRm don't care about contents; nuking C:\Users\sdutton\Documents\dbizWorkspace\OtherStuff\lockpi\node_modules\.staging\epoll-421a6fcf
271 verbose tar unpack C:\Users\sdutton\AppData\Roaming\npm-cache\bindings\1.2.1\package.tgz
272 verbose tar unpacking to C:\Users\sdutton\Documents\dbizWorkspace\OtherStuff\lockpi\node_modules\.staging\bindings-448ce7cd
273 silly gentlyRm C:\Users\sdutton\Documents\dbizWorkspace\OtherStuff\lockpi\node_modules\.staging\bindings-448ce7cd is being purged
274 verbose gentlyRm don't care about contents; nuking C:\Users\sdutton\Documents\dbizWorkspace\OtherStuff\lockpi\node_modules\.staging\bindings-448ce7cd
275 verbose tar unpack C:\Users\sdutton\AppData\Roaming\npm-cache\onoff\1.1.1\package.tgz
276 verbose tar unpacking to C:\Users\sdutton\Documents\dbizWorkspace\OtherStuff\lockpi\node_modules\.staging\onoff-22dc97ea
277 silly gentlyRm C:\Users\sdutton\Documents\dbizWorkspace\OtherStuff\lockpi\node_modules\.staging\onoff-22dc97ea is being purged
278 verbose gentlyRm don't care about contents; nuking C:\Users\sdutton\Documents\dbizWorkspace\OtherStuff\lockpi\node_modules\.staging\onoff-22dc97ea
279 verbose tar unpack C:\Users\sdutton\AppData\Roaming\npm-cache\nan\2.4.0\package.tgz
280 verbose tar unpacking to C:\Users\sdutton\Documents\dbizWorkspace\OtherStuff\lockpi\node_modules\.staging\nan-37c75d33
281 silly gentlyRm C:\Users\sdutton\Documents\dbizWorkspace\OtherStuff\lockpi\node_modules\.staging\nan-37c75d33 is being purged
282 verbose gentlyRm don't care about contents; nuking C:\Users\sdutton\Documents\dbizWorkspace\OtherStuff\lockpi\node_modules\.staging\nan-37c75d33
283 verbose tar unpack C:\Users\sdutton\AppData\Roaming\npm-cache\epoll\0.1.20\package.tgz
284 verbose tar unpacking to C:\Users\sdutton\Documents\dbizWorkspace\OtherStuff\lockpi\node_modules\.staging\epoll-421a6fcf
285 silly gentlyRm C:\Users\sdutton\Documents\dbizWorkspace\OtherStuff\lockpi\node_modules\.staging\epoll-421a6fcf is being purged
286 verbose gentlyRm don't care about contents; nuking C:\Users\sdutton\Documents\dbizWorkspace\OtherStuff\lockpi\node_modules\.staging\epoll-421a6fcf
287 silly gunzTarPerm modes [ '777', '666' ]
288 silly gunzTarPerm modes [ '777', '666' ]
289 silly gunzTarPerm modes [ '777', '666' ]
290 silly gunzTarPerm modes [ '777', '666' ]
291 silly gunzTarPerm extractEntry package.json
292 silly gunzTarPerm modified mode [ 'package.json', 420, 438 ]
293 silly gunzTarPerm extractEntry package.json
294 silly gunzTarPerm modified mode [ 'package.json', 436, 438 ]
295 silly gunzTarPerm extractEntry package.json
296 silly gunzTarPerm modified mode [ 'package.json', 436, 438 ]
297 silly gunzTarPerm extractEntry package.json
298 silly gunzTarPerm modified mode [ 'package.json', 436, 438 ]
299 silly gunzTarPerm extractEntry README.md
300 silly gunzTarPerm modified mode [ 'README.md', 436, 438 ]
301 silly gunzTarPerm extractEntry include_dirs.js
302 silly gunzTarPerm modified mode [ 'include_dirs.js', 436, 438 ]
303 silly gunzTarPerm extractEntry .npmignore
304 silly gunzTarPerm modified mode [ '.npmignore', 436, 438 ]
305 silly gunzTarPerm extractEntry README.md
306 silly gunzTarPerm modified mode [ 'README.md', 436, 438 ]
307 silly gunzTarPerm extractEntry .npmignore
308 silly gunzTarPerm modified mode [ '.npmignore', 436, 438 ]
309 silly gunzTarPerm extractEntry README.md
310 silly gunzTarPerm modified mode [ 'README.md', 436, 438 ]
311 silly gunzTarPerm extractEntry README.md
312 silly gunzTarPerm modified mode [ 'README.md', 420, 438 ]
313 silly gunzTarPerm extractEntry bindings.js
314 silly gunzTarPerm modified mode [ 'bindings.js', 420, 438 ]
315 silly gunzTarPerm extractEntry LICENSE
316 silly gunzTarPerm modified mode [ 'LICENSE', 436, 438 ]
317 silly gunzTarPerm extractEntry epoll.js
318 silly gunzTarPerm modified mode [ 'epoll.js', 436, 438 ]
319 silly gunzTarPerm extractEntry LICENSE
320 silly gunzTarPerm modified mode [ 'LICENSE', 436, 438 ]
321 silly gunzTarPerm extractEntry nan_callbacks_pre_12_inl.h
322 silly gunzTarPerm modified mode [ 'nan_callbacks_pre_12_inl.h', 436, 438 ]
323 silly gunzTarPerm extractEntry CHANGELOG.md
324 silly gunzTarPerm modified mode [ 'CHANGELOG.md', 436, 438 ]
325 silly gunzTarPerm extractEntry LICENSE.md
326 silly gunzTarPerm modified mode [ 'LICENSE.md', 436, 438 ]
327 silly gunzTarPerm extractEntry doc/node_misc.md
328 silly gunzTarPerm modified mode [ 'doc/node_misc.md', 436, 438 ]
329 silly gunzTarPerm extractEntry onoff.js
330 silly gunzTarPerm modified mode [ 'onoff.js', 436, 438 ]
331 silly gunzTarPerm extractEntry History.md
332 silly gunzTarPerm modified mode [ 'History.md', 436, 438 ]
333 silly gunzTarPerm extractEntry History.md
334 silly gunzTarPerm modified mode [ 'History.md', 436, 438 ]
335 silly gunzTarPerm extractEntry binding.gyp
336 silly gunzTarPerm modified mode [ 'binding.gyp', 436, 438 ]
337 silly gunzTarPerm extractEntry example/interrupts-per-second/interrupts-per-second.js
338 silly gunzTarPerm modified mode [ 'example/interrupts-per-second/interrupts-per-second.js',
338 silly gunzTarPerm   436,
338 silly gunzTarPerm   438 ]
339 silly gunzTarPerm extractEntry example/interrupts-per-second/export
340 silly gunzTarPerm modified mode [ 'example/interrupts-per-second/export', 509, 511 ]
341 silly gunzTarPerm extractEntry example/interrupts-per-second/unexport
342 silly gunzTarPerm modified mode [ 'example/interrupts-per-second/unexport', 509, 511 ]
343 silly gunzTarPerm extractEntry example/watch-button/watch-button.js
344 silly gunzTarPerm modified mode [ 'example/watch-button/watch-button.js', 436, 438 ]
345 silly gunzTarPerm extractEntry example/watch-button/export
346 silly gunzTarPerm modified mode [ 'example/watch-button/export', 509, 511 ]
347 silly gunzTarPerm extractEntry example/watch-button/unexport
348 silly gunzTarPerm modified mode [ 'example/watch-button/unexport', 509, 511 ]
349 silly gunzTarPerm extractEntry src/epoll.cc
350 silly gunzTarPerm modified mode [ 'src/epoll.cc', 436, 438 ]
351 silly gunzTarPerm extractEntry src/epoll.h
352 silly gunzTarPerm modified mode [ 'src/epoll.h', 436, 438 ]
353 silly gunzTarPerm extractEntry test/brute-force-leak-check.js
354 silly gunzTarPerm modified mode [ 'test/brute-force-leak-check.js', 436, 438 ]
355 silly gunzTarPerm extractEntry test/do-almost-nothing.js
356 silly gunzTarPerm modified mode [ 'test/do-almost-nothing.js', 436, 438 ]
357 silly gunzTarPerm extractEntry test/do-nothing.js
358 silly gunzTarPerm modified mode [ 'test/do-nothing.js', 436, 438 ]
359 silly gunzTarPerm extractEntry test/no-gc-allowed.js
360 silly gunzTarPerm modified mode [ 'test/no-gc-allowed.js', 436, 438 ]
361 silly gunzTarPerm extractEntry test/closed.js
362 silly gunzTarPerm modified mode [ 'test/closed.js', 436, 438 ]
363 silly gunzTarPerm extractEntry test/performance-check.js
364 silly gunzTarPerm modified mode [ 'test/performance-check.js', 436, 438 ]
365 silly gunzTarPerm extractEntry test/util.js
366 silly gunzTarPerm modified mode [ 'test/util.js', 436, 438 ]
367 silly gunzTarPerm extractEntry test/two-shot.js
368 silly gunzTarPerm modified mode [ 'test/two-shot.js', 436, 438 ]
369 silly gunzTarPerm extractEntry test/verify-events.js
370 silly gunzTarPerm modified mode [ 'test/verify-events.js', 436, 438 ]
371 silly gunzTarPerm extractEntry test/one-shot.js
372 silly gunzTarPerm modified mode [ 'test/one-shot.js', 436, 438 ]
373 silly gunzTarPerm extractEntry test/run-tests
374 silly gunzTarPerm modified mode [ 'test/run-tests', 509, 511 ]
375 silly gunzTarPerm extractEntry doc/asyncworker.md
376 silly gunzTarPerm modified mode [ 'doc/asyncworker.md', 436, 438 ]
377 silly gunzTarPerm extractEntry doc/callback.md
378 silly gunzTarPerm modified mode [ 'doc/callback.md', 436, 438 ]
379 silly gunzTarPerm extractEntry examples/blink-led-async.js
380 silly gunzTarPerm modified mode [ 'examples/blink-led-async.js', 436, 438 ]
381 silly gunzTarPerm extractEntry examples/blink-led.js
382 silly gunzTarPerm modified mode [ 'examples/blink-led.js', 436, 438 ]
383 silly gunzTarPerm extractEntry doc/converters.md
384 silly gunzTarPerm modified mode [ 'doc/converters.md', 436, 438 ]
385 silly gunzTarPerm extractEntry doc/errors.md
386 silly gunzTarPerm modified mode [ 'doc/errors.md', 436, 438 ]
387 silly gunzTarPerm extractEntry examples/light-switch.js
388 silly gunzTarPerm modified mode [ 'examples/light-switch.js', 436, 438 ]
389 silly gunzTarPerm extractEntry examples/wait-for-interrupt.js
390 silly gunzTarPerm modified mode [ 'examples/wait-for-interrupt.js', 436, 438 ]
391 silly gunzTarPerm extractEntry doc/maybe_types.md
392 silly gunzTarPerm modified mode [ 'doc/maybe_types.md', 436, 438 ]
393 silly gunzTarPerm extractEntry doc/methods.md
394 silly gunzTarPerm modified mode [ 'doc/methods.md', 436, 438 ]
395 silly gentlyRm C:\Users\sdutton\Documents\dbizWorkspace\OtherStuff\lockpi\node_modules\.staging\bindings-448ce7cd\node_modules is being purged
396 verbose gentlyRm don't care about contents; nuking C:\Users\sdutton\Documents\dbizWorkspace\OtherStuff\lockpi\node_modules\.staging\bindings-448ce7cd\node_modules
397 silly gunzTarPerm extractEntry doc/new.md
398 silly gunzTarPerm modified mode [ 'doc/new.md', 436, 438 ]
399 silly gunzTarPerm extractEntry doc/buffers.md
400 silly gunzTarPerm modified mode [ 'doc/buffers.md', 436, 438 ]
401 silly gunzTarPerm extractEntry examples/light-switch.png
402 silly gunzTarPerm modified mode [ 'examples/light-switch.png', 436, 438 ]
403 silly gunzTarPerm extractEntry doc/object_wrappers.md
404 silly gunzTarPerm modified mode [ 'doc/object_wrappers.md', 436, 438 ]
405 silly gunzTarPerm extractEntry doc/persistent.md
406 silly gunzTarPerm modified mode [ 'doc/persistent.md', 436, 438 ]
407 silly gunzTarPerm extractEntry examples/mygpio-overlay.dts
408 silly gunzTarPerm modified mode [ 'examples/mygpio-overlay.dts', 436, 438 ]
409 silly gunzTarPerm extractEntry examples/run-examples
410 silly gunzTarPerm modified mode [ 'examples/run-examples', 509, 511 ]
411 silly gunzTarPerm extractEntry test/blink-led.js
412 silly gunzTarPerm modified mode [ 'test/blink-led.js', 436, 438 ]
413 silly gunzTarPerm extractEntry doc/scopes.md
414 silly gunzTarPerm modified mode [ 'doc/scopes.md', 436, 438 ]
415 silly gunzTarPerm extractEntry doc/script.md
416 silly gunzTarPerm modified mode [ 'doc/script.md', 436, 438 ]
417 silly gunzTarPerm extractEntry test/configure-and-check-input.js
418 silly gunzTarPerm modified mode [ 'test/configure-and-check-input.js', 436, 438 ]
419 silly gunzTarPerm extractEntry test/configure-and-check-output.js
420 silly gunzTarPerm modified mode [ 'test/configure-and-check-output.js', 436, 438 ]
421 silly gunzTarPerm extractEntry doc/string_bytes.md
422 silly gunzTarPerm modified mode [ 'doc/string_bytes.md', 436, 438 ]
423 silly gunzTarPerm extractEntry doc/v8_internals.md
424 silly gunzTarPerm modified mode [ 'doc/v8_internals.md', 436, 438 ]
425 silly gunzTarPerm extractEntry test/export-many-times.js
426 silly gunzTarPerm modified mode [ 'test/export-many-times.js', 436, 438 ]
427 silly gunzTarPerm extractEntry test/many-interrupts.js
428 silly gunzTarPerm modified mode [ 'test/many-interrupts.js', 436, 438 ]
429 silly gunzTarPerm extractEntry doc/v8_misc.md
430 silly gunzTarPerm modified mode [ 'doc/v8_misc.md', 436, 438 ]
431 silly gunzTarPerm extractEntry nan.h
432 silly gunzTarPerm modified mode [ 'nan.h', 436, 438 ]
433 silly gunzTarPerm extractEntry test/configure-and-check-active-low.js
434 silly gunzTarPerm modified mode [ 'test/configure-and-check-active-low.js', 436, 438 ]
435 silly gunzTarPerm extractEntry test/performance-interrupt.js
436 silly gunzTarPerm modified mode [ 'test/performance-interrupt.js', 436, 438 ]
437 silly gunzTarPerm extractEntry nan_callbacks.h
438 silly gunzTarPerm modified mode [ 'nan_callbacks.h', 436, 438 ]
439 silly gunzTarPerm extractEntry nan_callbacks_12_inl.h
440 silly gunzTarPerm modified mode [ 'nan_callbacks_12_inl.h', 436, 438 ]
441 silly gunzTarPerm extractEntry test/performance-sync.js
442 silly gunzTarPerm modified mode [ 'test/performance-sync.js', 436, 438 ]
443 silly gunzTarPerm extractEntry test/wait-for-interrupt.js
444 silly gunzTarPerm modified mode [ 'test/wait-for-interrupt.js', 436, 438 ]
445 silly gunzTarPerm extractEntry test/wait-for-many-interrupts.js
446 silly gunzTarPerm modified mode [ 'test/wait-for-many-interrupts.js', 436, 438 ]
447 silly gunzTarPerm extractEntry test/performance-async.js
448 silly gunzTarPerm modified mode [ 'test/performance-async.js', 436, 438 ]
449 silly gunzTarPerm extractEntry test/run-tests
450 silly gunzTarPerm modified mode [ 'test/run-tests', 509, 511 ]
451 silly gunzTarPerm extractEntry nan_converters.h
452 silly gunzTarPerm modified mode [ 'nan_converters.h', 436, 438 ]
453 silly gunzTarPerm extractEntry nan_converters_43_inl.h
454 silly gunzTarPerm modified mode [ 'nan_converters_43_inl.h', 436, 438 ]
455 silly gunzTarPerm extractEntry nan_converters_pre_43_inl.h
456 silly gunzTarPerm modified mode [ 'nan_converters_pre_43_inl.h', 436, 438 ]
457 silly gunzTarPerm extractEntry nan_implementation_12_inl.h
458 silly gunzTarPerm modified mode [ 'nan_implementation_12_inl.h', 436, 438 ]
459 silly gunzTarPerm extractEntry nan_implementation_pre_12_inl.h
460 silly gunzTarPerm modified mode [ 'nan_implementation_pre_12_inl.h', 436, 438 ]
461 silly gunzTarPerm extractEntry nan_maybe_43_inl.h
462 silly gunzTarPerm modified mode [ 'nan_maybe_43_inl.h', 436, 438 ]
463 silly gunzTarPerm extractEntry nan_maybe_pre_43_inl.h
464 silly gunzTarPerm modified mode [ 'nan_maybe_pre_43_inl.h', 436, 438 ]
465 silly gunzTarPerm extractEntry nan_new.h
466 silly gunzTarPerm modified mode [ 'nan_new.h', 436, 438 ]
467 silly gunzTarPerm extractEntry nan_object_wrap.h
468 silly gunzTarPerm modified mode [ 'nan_object_wrap.h', 436, 438 ]
469 silly gunzTarPerm extractEntry nan_persistent_12_inl.h
470 silly gunzTarPerm modified mode [ 'nan_persistent_12_inl.h', 436, 438 ]
471 silly gunzTarPerm extractEntry nan_persistent_pre_12_inl.h
472 silly gunzTarPerm modified mode [ 'nan_persistent_pre_12_inl.h', 436, 438 ]
473 silly gunzTarPerm extractEntry nan_string_bytes.h
474 silly gunzTarPerm modified mode [ 'nan_string_bytes.h', 436, 438 ]
475 silly gunzTarPerm extractEntry nan_typedarray_contents.h
476 silly gunzTarPerm modified mode [ 'nan_typedarray_contents.h', 436, 438 ]
477 silly gunzTarPerm extractEntry nan_weak.h
478 silly gunzTarPerm modified mode [ 'nan_weak.h', 436, 438 ]
479 silly gunzTarPerm extractEntry tools/package.json
480 silly gunzTarPerm modified mode [ 'tools/package.json', 436, 438 ]
481 silly gunzTarPerm extractEntry tools/README.md
482 silly gunzTarPerm modified mode [ 'tools/README.md', 436, 438 ]
483 silly gunzTarPerm extractEntry tools/1to2.js
484 silly gunzTarPerm modified mode [ 'tools/1to2.js', 509, 511 ]
485 silly gentlyRm C:\Users\sdutton\Documents\dbizWorkspace\OtherStuff\lockpi\node_modules\.staging\onoff-22dc97ea\node_modules is being purged
486 verbose gentlyRm don't care about contents; nuking C:\Users\sdutton\Documents\dbizWorkspace\OtherStuff\lockpi\node_modules\.staging\onoff-22dc97ea\node_modules
487 silly gentlyRm C:\Users\sdutton\Documents\dbizWorkspace\OtherStuff\lockpi\node_modules\.staging\epoll-421a6fcf\node_modules is being purged
488 verbose gentlyRm don't care about contents; nuking C:\Users\sdutton\Documents\dbizWorkspace\OtherStuff\lockpi\node_modules\.staging\epoll-421a6fcf\node_modules
489 silly gentlyRm C:\Users\sdutton\Documents\dbizWorkspace\OtherStuff\lockpi\node_modules\.staging\nan-37c75d33\node_modules is being purged
490 verbose gentlyRm don't care about contents; nuking C:\Users\sdutton\Documents\dbizWorkspace\OtherStuff\lockpi\node_modules\.staging\nan-37c75d33\node_modules
491 silly doParallel preinstall 4
492 silly preinstall bindings@1.2.1 C:\Users\sdutton\Documents\dbizWorkspace\OtherStuff\lockpi\node_modules\.staging\bindings-448ce7cd
493 info lifecycle bindings@1.2.1~preinstall: bindings@1.2.1
494 silly preinstall nan@2.4.0 C:\Users\sdutton\Documents\dbizWorkspace\OtherStuff\lockpi\node_modules\.staging\nan-37c75d33
495 info lifecycle nan@2.4.0~preinstall: nan@2.4.0
496 silly preinstall epoll@0.1.20 C:\Users\sdutton\Documents\dbizWorkspace\OtherStuff\lockpi\node_modules\.staging\epoll-421a6fcf
497 info lifecycle epoll@0.1.20~preinstall: epoll@0.1.20
498 silly preinstall onoff@1.1.1 C:\Users\sdutton\Documents\dbizWorkspace\OtherStuff\lockpi\node_modules\.staging\onoff-22dc97ea
499 info lifecycle onoff@1.1.1~preinstall: onoff@1.1.1
500 silly lifecycle bindings@1.2.1~preinstall: no script for preinstall, continuing
501 silly lifecycle nan@2.4.0~preinstall: no script for preinstall, continuing
502 silly lifecycle epoll@0.1.20~preinstall: no script for preinstall, continuing
503 silly lifecycle onoff@1.1.1~preinstall: no script for preinstall, continuing
504 silly doReverseSerial remove 0
505 silly doSerial move 0
506 silly doSerial finalize 4
507 silly finalize C:\Users\sdutton\Documents\dbizWorkspace\OtherStuff\lockpi\node_modules\bindings
508 silly finalize C:\Users\sdutton\Documents\dbizWorkspace\OtherStuff\lockpi\node_modules\nan
509 silly finalize C:\Users\sdutton\Documents\dbizWorkspace\OtherStuff\lockpi\node_modules\epoll
510 silly finalize C:\Users\sdutton\Documents\dbizWorkspace\OtherStuff\lockpi\node_modules\onoff
511 silly doSerial build 4
512 silly build bindings@1.2.1
513 info linkStuff bindings@1.2.1
514 silly linkStuff bindings@1.2.1 has C:\Users\sdutton\Documents\dbizWorkspace\OtherStuff\lockpi\node_modules as its parent node_modules
515 verbose linkBins bindings@1.2.1
516 verbose linkMans bindings@1.2.1
517 silly build nan@2.4.0
518 info linkStuff nan@2.4.0
519 silly linkStuff nan@2.4.0 has C:\Users\sdutton\Documents\dbizWorkspace\OtherStuff\lockpi\node_modules as its parent node_modules
520 verbose linkBins nan@2.4.0
521 verbose linkMans nan@2.4.0
522 silly build epoll@0.1.20
523 info linkStuff epoll@0.1.20
524 silly linkStuff epoll@0.1.20 has C:\Users\sdutton\Documents\dbizWorkspace\OtherStuff\lockpi\node_modules as its parent node_modules
525 verbose linkBins epoll@0.1.20
526 verbose linkMans epoll@0.1.20
527 silly build onoff@1.1.1
528 info linkStuff onoff@1.1.1
529 silly linkStuff onoff@1.1.1 has C:\Users\sdutton\Documents\dbizWorkspace\OtherStuff\lockpi\node_modules as its parent node_modules
530 verbose linkBins onoff@1.1.1
531 verbose linkMans onoff@1.1.1
532 silly doSerial global-link 0
533 silly doParallel update-linked 0
534 silly doSerial install 4
535 silly install bindings@1.2.1 C:\Users\sdutton\Documents\dbizWorkspace\OtherStuff\lockpi\node_modules\.staging\bindings-448ce7cd
536 info lifecycle bindings@1.2.1~install: bindings@1.2.1
537 silly lifecycle bindings@1.2.1~install: no script for install, continuing
538 silly install nan@2.4.0 C:\Users\sdutton\Documents\dbizWorkspace\OtherStuff\lockpi\node_modules\.staging\nan-37c75d33
539 info lifecycle nan@2.4.0~install: nan@2.4.0
540 silly lifecycle nan@2.4.0~install: no script for install, continuing
541 silly install epoll@0.1.20 C:\Users\sdutton\Documents\dbizWorkspace\OtherStuff\lockpi\node_modules\.staging\epoll-421a6fcf
542 info lifecycle epoll@0.1.20~install: epoll@0.1.20
543 verbose lifecycle epoll@0.1.20~install: unsafe-perm in lifecycle true
544 verbose lifecycle epoll@0.1.20~install: PATH: C:\Users\sdutton\AppData\Roaming\npm\node_modules\npm\bin\node-gyp-bin;C:\Users\sdutton\Documents\dbizWorkspace\OtherStuff\lockpi\node_modules\epoll\node_modules\.bin;C:\Users\sdutton\Documents\dbizWorkspace\OtherStuff\lockpi\node_modules\.bin;C:\Program Files\nodejs;C:\Users\sdutton\Documents\ConEmuPack.160707\ConEmu\Scripts;C:\Users\sdutton\Documents\ConEmuPack.160707;C:\Users\sdutton\Documents\ConEmuPack.160707\ConEmu;C:\Program Files (x86)\PC Connectivity Solution\;C:\Program Files\Common Files\Microsoft Shared\Windows Live;C:\Program Files (x86)\Common Files\Microsoft Shared\Windows Live;C:\app\sdutton\product\12.1.0\client_1;C:\app\sdutton\product\12.1.0\client_1\bin;C:\app\sdutton\product\11.2.0\client_1;C:\app\sdutton\product\11.2.0\client_1\bin;C:\app\sdutton\product\11.2.0\dbhome_1\bin;C:\WINDOWS\system32;C:\WINDOWS;C:\WINDOWS\System32\Wbem;C:\WINDOWS\System32\WindowsPowerShell\v1.0\;C:\Program Files\WIDCOMM\Bluetooth Software\;C:\Program Files\WIDCOMM\Bluetooth Software\syswow64;C:\Program Files (x86)\Plantronics\PlantronicsURE\;C:\Java\jdk1.7.0_75_32bit\bin;c:\Program Files (x86)\Microsoft SQL Server\110\Tools\Binn\ManagementStudio\;c:\Program Files (x86)\Microsoft SQL Server\110\Tools\Binn\;c:\Program Files\Microsoft SQL Server\110\Tools\Binn\;c:\Program Files (x86)\Microsoft SQL Server\110\DTS\Binn\;C:\Users\sdutton\Documents\apache-maven-3.1.1-bin\apache-maven-3.1.1\bin;c:\Program Files (x86)\Common Files\Adobe\AGL;C:\AndroidDevKit\sdk\;C:\apache-ant-1.9.4\bin;C:\Program Files (x86)\Windows Live\Shared;C:\Program Files\Microsoft SQL Server\120\Tools\Binn\;C:\Program Files\Microsoft\Web Platform Installer\;C:\Program Files\TortoiseSVN\bin;C:\Program Files (x86)\QuickTime\QTSystem\;C:\Program Files\Amazon\AWSCLI\;C:\Program Files\nodejs\;C:\WINDOWS\system32\config\systemprofile\.dnx\bin;C:\Program Files\Microsoft DNX\Dnvm\;C:\Program Files (x86)\Windows Kits\8.1\Windows Performance Toolkit\;C:\Program Files\Microsoft SQL Server\130\Tools\Binn\;C:\Program Files\Git\cmd;C:\Program Files (x86)\Microsoft VS Code\bin;C:\Users\sdutton\AppData\Roaming\npm;.;;.;;.;
545 verbose lifecycle epoll@0.1.20~install: CWD: C:\Users\sdutton\Documents\dbizWorkspace\OtherStuff\lockpi\node_modules\epoll
546 silly lifecycle epoll@0.1.20~install: Args: [ '/d /s /c', 'node-gyp rebuild' ]
547 silly lifecycle epoll@0.1.20~install: Returned: code: 1  signal: null
548 info lifecycle epoll@0.1.20~install: Failed to exec install script
549 verbose unlock done using C:\Users\sdutton\AppData\Roaming\npm-cache\_locks\staging-c07fb2a4e716abc6.lock for C:\Users\sdutton\Documents\dbizWorkspace\OtherStuff\lockpi\node_modules\.staging
550 silly rollbackFailedOptional Starting
551 silly rollbackFailedOptional Finishing
552 silly runTopLevelLifecycles Starting
553 silly runTopLevelLifecycles Finishing
554 silly install printInstalled
555 warn lockpi@1.0.0 No repository field.
556 verbose stack Error: epoll@0.1.20 install: `node-gyp rebuild`
556 verbose stack Exit status 1
556 verbose stack     at EventEmitter.<anonymous> (C:\Users\sdutton\AppData\Roaming\npm\node_modules\npm\lib\utils\lifecycle.js:242:16)
556 verbose stack     at emitTwo (events.js:106:13)
556 verbose stack     at EventEmitter.emit (events.js:191:7)
556 verbose stack     at ChildProcess.<anonymous> (C:\Users\sdutton\AppData\Roaming\npm\node_modules\npm\lib\utils\spawn.js:40:14)
556 verbose stack     at emitTwo (events.js:106:13)
556 verbose stack     at ChildProcess.emit (events.js:191:7)
556 verbose stack     at maybeClose (internal/child_process.js:852:16)
556 verbose stack     at Process.ChildProcess._handle.onexit (internal/child_process.js:215:5)
557 verbose pkgid epoll@0.1.20
558 verbose cwd C:\Users\sdutton\Documents\dbizWorkspace\OtherStuff\lockpi
559 error Windows_NT 6.1.7601
560 error argv "C:\\Program Files\\nodejs\\node.exe" "C:\\Users\\sdutton\\AppData\\Roaming\\npm\\node_modules\\npm\\bin\\npm-cli.js" "install" "onoff"
561 error node v6.3.1
562 error npm  v3.10.5
563 error code ELIFECYCLE
564 error epoll@0.1.20 install: `node-gyp rebuild`
564 error Exit status 1
565 error Failed at the epoll@0.1.20 install script 'node-gyp rebuild'.
565 error Make sure you have the latest version of node.js and npm installed.
565 error If you do, this is most likely a problem with the epoll package,
565 error not with npm itself.
565 error Tell the author that this fails on your system:
565 error     node-gyp rebuild
565 error You can get information on how to open an issue for this project with:
565 error     npm bugs epoll
565 error Or if that isn't available, you can get their info via:
565 error     npm owner ls epoll
565 error There is likely additional logging output above.
566 verbose exit [ 1, true ]
